Traceback (most recent call last):
  File "affinity_mpnn.py", line 3, in <module>
    import torch
  File "/mnt/data/xukeyu/miniconda3/envs/PPA_Pred/lib/python3.7/site-packages/torch/__init__.py", line 811, in <module>
    from .functional import *  # noqa: F403
  File "/mnt/data/xukeyu/miniconda3/envs/PPA_Pred/lib/python3.7/site-packages/torch/functional.py", line 7, in <module>
    import torch.nn.functional as F
  File "/mnt/data/xukeyu/miniconda3/envs/PPA_Pred/lib/python3.7/site-packages/torch/nn/__init__.py", line 1, in <module>
    from .modules import *  # noqa: F403
  File "<frozen importlib._bootstrap>", line 983, in _find_and_load
  File "<frozen importlib._bootstrap>", line 967, in _find_and_load_unlocked
  File "<frozen importlib._bootstrap>", line 677, in _load_unlocked
  File "<frozen importlib._bootstrap_external>", line 724, in exec_module
  File "<frozen importlib._bootstrap_external>", line 818, in get_code
  File "<frozen importlib._bootstrap_external>", line 917, in get_data
KeyboardInterrupt
2024-01-08 13:16:30,120 - utils.py[line:148] - INFO: Note: NumExpr detected 40 cores but "NUMEXPR_MAX_THREADS" not set, so enforcing safe limit of 8.
2024-01-08 13:16:30,131 - utils.py[line:160] - INFO: NumExpr defaulting to 8 threads.
Traceback (most recent call last):
  File "affinity_mpnn.py", line 7, in <module>
    import pandas as pd
  File "/mnt/data/xukeyu/miniconda3/envs/PPA_Pred/lib/python3.7/site-packages/pandas/__init__.py", line 50, in <module>
    from pandas.core.api import (
  File "/mnt/data/xukeyu/miniconda3/envs/PPA_Pred/lib/python3.7/site-packages/pandas/core/api.py", line 48, in <module>
    from pandas.core.groupby import (
  File "/mnt/data/xukeyu/miniconda3/envs/PPA_Pred/lib/python3.7/site-packages/pandas/core/groupby/__init__.py", line 1, in <module>
    from pandas.core.groupby.generic import (
  File "/mnt/data/xukeyu/miniconda3/envs/PPA_Pred/lib/python3.7/site-packages/pandas/core/groupby/generic.py", line 73, in <module>
    from pandas.core.frame import DataFrame
  File "/mnt/data/xukeyu/miniconda3/envs/PPA_Pred/lib/python3.7/site-packages/pandas/core/frame.py", line 129, in <module>
    from pandas.core import (
  File "<frozen importlib._bootstrap>", line 983, in _find_and_load
  File "<frozen importlib._bootstrap>", line 967, in _find_and_load_unlocked
  File "<frozen importlib._bootstrap>", line 677, in _load_unlocked
  File "<frozen importlib._bootstrap_external>", line 724, in exec_module
  File "<frozen importlib._bootstrap_external>", line 818, in get_code
  File "<frozen importlib._bootstrap_external>", line 917, in get_data
KeyboardInterrupt
